<?xml version="1.0" encoding="UTF-8"?>
<!-- Generated by org.testng.reporters.JUnitReportReporter -->
<testsuite hostname="NASIR-S-LTP" failures="0" tests="1" name="tests.AmazonSearchTestCases" time="76.827" errors="0" timestamp="2022-06-14T13:48:59 PKT" skipped="0">
  <testcase classname="tests.AmazonSearchTestCases" name="searchWristWatchWithFilters" time="76.827"/>
  <system-out/>
</testsuite> <!-- tests.AmazonSearchTestCases -->
