<?xml version="1.0" encoding="UTF-8"?>
<!-- Generated by org.testng.reporters.JUnitReportReporter -->
<testsuite hostname="NASIR-S-LTP" failures="0" tests="1" name="tests.SearchTestCases" time="173.095" errors="0" timestamp="2022-06-04T20:17:46 PKT" skipped="0">
  <testcase classname="tests.SearchTestCases" name="searchWristWatch" time="173.095"/>
  <system-out/>
</testsuite> <!-- tests.SearchTestCases -->
